<?xml version="1.0"?>
<component name="test-directory-contrib">



  <extension target="org.nuxeo.ecm.directory.sql.SQLDirectoryFactory"
    point="directories">

    <directory name="testdir">
      <schema>vocabulary</schema>
      <dbDriver>${nuxeo.test.vcs.driver}</dbDriver>
      <dbUrl>${nuxeo.test.vcs.url}</dbUrl>
      <dbUser>${nuxeo.test.vcs.user}</dbUser>
      <dbPassword>${nuxeo.test.vcs.password}</dbPassword>
      <cacheTimeout>3600</cacheTimeout>
      <cacheMaxSize>1000</cacheMaxSize>
      <table>testdir</table>
      <idField>id</idField>
      <autoincrementIdField>false</autoincrementIdField>
      <createTablePolicy>always</createTablePolicy>
      <dataFile>testdir.csv</dataFile>
    </directory>

  </extension>
</component>
